ASSERTION	AAEDAAEDAwAAAAAAAACJQA==
ASSERTION	AAEDAAECAwAAAAAAAMCSQA==
ASSERTION	AAECAAMBAAAAAAAAAPA/
RUN	perf.PostsSimulation	postssimulation	1752005485498	 	3.11.5
USER	GET /posts	START	1752005486723
USER	GET /posts	START	1752005486723
USER	GET /posts	START	1752005486723
USER	GET /posts	START	1752005486723
USER	GET /posts	START	1752005486723
USER	GET /posts	START	1752005486723
USER	GET /posts	START	1752005486723
USER	GET /posts	START	1752005486723
USER	GET /posts	START	1752005486723
USER	GET /posts	START	1752005486723
USER	GET /posts	START	1752005486723
USER	GET /posts	START	1752005486723
USER	GET /posts	START	1752005486723
USER	GET /posts	START	1752005486723
USER	GET /posts	START	1752005486723
USER	GET /posts	START	1752005486733
USER	GET /posts	START	1752005486733
USER	GET /posts	START	1752005486733
USER	GET /posts	START	1752005486733
USER	GET /posts	START	1752005486733
USER	GET /posts	START	1752005486733
USER	GET /posts	START	1752005486733
USER	GET /posts	START	1752005486723
USER	GET /posts	START	1752005486733
USER	GET /posts	START	1752005486733
USER	GET /posts	START	1752005486723
USER	GET /posts	START	1752005486733
USER	GET /posts	START	1752005486733
USER	GET /posts	START	1752005486733
USER	GET /posts	START	1752005486733
USER	GET /posts	START	1752005486734
USER	GET /posts	START	1752005486734
USER	GET /posts	START	1752005486734
USER	GET /posts	START	1752005486723
USER	GET /posts	START	1752005486734
USER	GET /posts	START	1752005486734
USER	GET /posts	START	1752005486723
USER	GET /posts	START	1752005486734
USER	GET /posts	START	1752005486734
USER	GET /posts	START	1752005486734
USER	GET /posts	START	1752005486734
USER	GET /posts	START	1752005486734
USER	GET /posts	START	1752005486734
USER	GET /posts	START	1752005486734
USER	GET /posts	START	1752005486734
USER	GET /posts	START	1752005486734
USER	GET /posts	START	1752005486723
USER	GET /posts	START	1752005486723
USER	GET /posts	START	1752005486723
USER	GET /posts	START	1752005486734
USER	GET /posts	START	1752005486734
USER	GET /posts	START	1752005486735
USER	GET /posts	START	1752005486735
USER	GET /posts	START	1752005486723
USER	GET /posts	START	1752005486735
USER	GET /posts	START	1752005486735
USER	GET /posts	START	1752005486723
USER	GET /posts	START	1752005486735
USER	GET /posts	START	1752005486723
USER	GET /posts	START	1752005486735
USER	GET /posts	START	1752005486735
USER	GET /posts	START	1752005486735
USER	GET /posts	START	1752005486735
USER	GET /posts	START	1752005486723
USER	GET /posts	START	1752005486735
USER	GET /posts	START	1752005486735
USER	GET /posts	START	1752005486735
USER	GET /posts	START	1752005486723
USER	GET /posts	START	1752005486723
USER	GET /posts	START	1752005486723
USER	GET /posts	START	1752005486723
USER	GET /posts	START	1752005486736
USER	GET /posts	START	1752005486723
USER	GET /posts	START	1752005486736
USER	GET /posts	START	1752005486736
USER	GET /posts	START	1752005486736
USER	GET /posts	START	1752005486736
USER	GET /posts	START	1752005486723
USER	GET /posts	START	1752005486736
USER	GET /posts	START	1752005486736
USER	GET /posts	START	1752005486736
USER	GET /posts	START	1752005486736
USER	GET /posts	START	1752005486736
USER	GET /posts	START	1752005486737
USER	GET /posts	START	1752005486737
USER	GET /posts	START	1752005486737
USER	GET /posts	START	1752005486737
USER	GET /posts	START	1752005486737
USER	GET /posts	START	1752005486737
USER	GET /posts	START	1752005486737
USER	GET /posts	START	1752005486737
USER	GET /posts	START	1752005486737
USER	GET /posts	START	1752005486737
USER	GET /posts	START	1752005486737
USER	GET /posts	START	1752005486737
USER	GET /posts	START	1752005486737
USER	GET /posts	START	1752005486737
USER	GET /posts	START	1752005486737
USER	GET /posts	START	1752005486737
USER	GET /posts	START	1752005486738
REQUEST		List posts	1752005486734	1752005487027	OK	 
REQUEST		List posts	1752005486733	1752005487020	OK	 
REQUEST		List posts	1752005486736	1752005487031	OK	 
REQUEST		List posts	1752005486736	1752005487029	OK	 
REQUEST		List posts	1752005486734	1752005487026	OK	 
REQUEST		List posts	1752005486670	1752005487022	OK	 
REQUEST		List posts	1752005486733	1752005486994	OK	 
REQUEST		List posts	1752005486670	1752005487021	OK	 
REQUEST		List posts	1752005486736	1752005487031	OK	 
REQUEST		List posts	1752005486670	1752005487027	OK	 
REQUEST		List posts	1752005486734	1752005487036	OK	 
REQUEST		List posts	1752005486733	1752005486999	OK	 
REQUEST		List posts	1752005486734	1752005487021	OK	 
REQUEST		List posts	1752005486733	1752005487026	OK	 
REQUEST		List posts	1752005486733	1752005486996	OK	 
REQUEST		List posts	1752005486736	1752005487022	OK	 
REQUEST		List posts	1752005486733	1752005487023	OK	 
REQUEST		List posts	1752005486733	1752005486996	OK	 
REQUEST		List posts	1752005486737	1752005487020	OK	 
REQUEST		List posts	1752005486733	1752005487023	OK	 
REQUEST		List posts	1752005486734	1752005487089	OK	 
REQUEST		List posts	1752005486670	1752005487029	OK	 
REQUEST		List posts	1752005486670	1752005487022	OK	 
REQUEST		List posts	1752005486670	1752005486995	OK	 
REQUEST		List posts	1752005486734	1752005487024	OK	 
REQUEST		List posts	1752005486734	1752005487026	OK	 
REQUEST		List posts	1752005486670	1752005487022	OK	 
REQUEST		List posts	1752005486735	1752005487030	OK	 
REQUEST		List posts	1752005486733	1752005486995	OK	 
REQUEST		List posts	1752005486734	1752005487027	OK	 
REQUEST		List posts	1752005486734	1752005487025	OK	 
REQUEST		List posts	1752005486735	1752005487046	OK	 
USER	GET /posts	END	1752005487351
USER	GET /posts	END	1752005487351
USER	GET /posts	END	1752005487351
USER	GET /posts	END	1752005487351
USER	GET /posts	END	1752005487351
USER	GET /posts	END	1752005487351
USER	GET /posts	END	1752005487351
USER	GET /posts	END	1752005487351
USER	GET /posts	END	1752005487351
USER	GET /posts	END	1752005487351
USER	GET /posts	END	1752005487351
USER	GET /posts	END	1752005487351
USER	GET /posts	END	1752005487351
USER	GET /posts	END	1752005487351
USER	GET /posts	END	1752005487351
USER	GET /posts	END	1752005487351
USER	GET /posts	END	1752005487351
USER	GET /posts	END	1752005487351
USER	GET /posts	END	1752005487351
USER	GET /posts	END	1752005487352
USER	GET /posts	END	1752005487352
USER	GET /posts	END	1752005487352
USER	GET /posts	END	1752005487352
USER	GET /posts	END	1752005487352
USER	GET /posts	END	1752005487352
USER	GET /posts	END	1752005487352
USER	GET /posts	END	1752005487352
USER	GET /posts	END	1752005487352
USER	GET /posts	END	1752005487352
USER	GET /posts	END	1752005487352
USER	GET /posts	END	1752005487352
USER	GET /posts	END	1752005487352
REQUEST		List posts	1752005486733	1752005487358	OK	 
REQUEST		List posts	1752005486733	1752005487358	OK	 
REQUEST		List posts	1752005486733	1752005487358	OK	 
REQUEST		List posts	1752005486733	1752005487368	OK	 
REQUEST		List posts	1752005486733	1752005487368	OK	 
REQUEST		List posts	1752005486671	1752005487368	OK	 
REQUEST		List posts	1752005486670	1752005487368	OK	 
REQUEST		List posts	1752005486670	1752005487368	OK	 
REQUEST		List posts	1752005486736	1752005487368	OK	 
REQUEST		List posts	1752005486735	1752005487368	OK	 
REQUEST		List posts	1752005486670	1752005487368	OK	 
REQUEST		List posts	1752005486737	1752005487368	OK	 
REQUEST		List posts	1752005486734	1752005487369	OK	 
REQUEST		List posts	1752005486670	1752005487369	OK	 
REQUEST		List posts	1752005486733	1752005487369	OK	 
REQUEST		List posts	1752005486670	1752005487369	OK	 
REQUEST		List posts	1752005486670	1752005487369	OK	 
REQUEST		List posts	1752005486737	1752005487370	OK	 
REQUEST		List posts	1752005486736	1752005487370	OK	 
REQUEST		List posts	1752005486735	1752005487370	OK	 
REQUEST		List posts	1752005486670	1752005487371	OK	 
REQUEST		List posts	1752005486734	1752005487371	OK	 
REQUEST		List posts	1752005486733	1752005487371	OK	 
REQUEST		List posts	1752005486736	1752005487371	OK	 
REQUEST		List posts	1752005486735	1752005487371	OK	 
REQUEST		List posts	1752005486671	1752005487372	OK	 
REQUEST		List posts	1752005486670	1752005487372	OK	 
REQUEST		List posts	1752005486733	1752005487372	OK	 
REQUEST		List posts	1752005486733	1752005487372	OK	 
REQUEST		List posts	1752005486670	1752005487372	OK	 
REQUEST		List posts	1752005486733	1752005487373	OK	 
REQUEST		List posts	1752005486670	1752005487373	OK	 
REQUEST		List posts	1752005486670	1752005487373	OK	 
USER	GET /posts	END	1752005487373
USER	GET /posts	END	1752005487373
REQUEST		List posts	1752005486670	1752005487373	OK	 
REQUEST		List posts	1752005486737	1752005487373	OK	 
REQUEST		List posts	1752005486734	1752005487373	OK	 
USER	GET /posts	END	1752005487373
USER	GET /posts	END	1752005487374
USER	GET /posts	END	1752005487374
USER	GET /posts	END	1752005487374
USER	GET /posts	END	1752005487374
USER	GET /posts	END	1752005487374
REQUEST		List posts	1752005486732	1752005487374	OK	 
USER	GET /posts	END	1752005487374
REQUEST		List posts	1752005486737	1752005487374	OK	 
REQUEST		List posts	1752005486736	1752005487373	OK	 
REQUEST		List posts	1752005486670	1752005487374	OK	 
USER	GET /posts	END	1752005487374
REQUEST		List posts	1752005486736	1752005487374	OK	 
USER	GET /posts	END	1752005487375
USER	GET /posts	END	1752005487375
REQUEST		List posts	1752005486671	1752005487375	OK	 
REQUEST		List posts	1752005486670	1752005487375	OK	 
REQUEST		List posts	1752005486734	1752005487375	OK	 
USER	GET /posts	END	1752005487375
USER	GET /posts	END	1752005487375
USER	GET /posts	END	1752005487376
USER	GET /posts	END	1752005487376
REQUEST		List posts	1752005486734	1752005487376	OK	 
USER	GET /posts	END	1752005487376
USER	GET /posts	END	1752005487376
USER	GET /posts	END	1752005487376
USER	GET /posts	END	1752005487377
USER	GET /posts	END	1752005487377
USER	GET /posts	END	1752005487377
USER	GET /posts	END	1752005487377
USER	GET /posts	END	1752005487377
USER	GET /posts	END	1752005487377
USER	GET /posts	END	1752005487377
REQUEST		List posts	1752005486737	1752005487377	OK	 
REQUEST		List posts	1752005486670	1752005487377	OK	 
REQUEST		List posts	1752005486671	1752005487377	OK	 
REQUEST		List posts	1752005486670	1752005487378	OK	 
USER	GET /posts	END	1752005487378
USER	GET /posts	END	1752005487378
USER	GET /posts	END	1752005487379
USER	GET /posts	END	1752005487379
USER	GET /posts	END	1752005487379
USER	GET /posts	END	1752005487379
USER	GET /posts	END	1752005487379
USER	GET /posts	END	1752005487379
USER	GET /posts	END	1752005487379
USER	GET /posts	END	1752005487379
USER	GET /posts	END	1752005487379
USER	GET /posts	END	1752005487379
USER	GET /posts	END	1752005487379
USER	GET /posts	END	1752005487379
USER	GET /posts	END	1752005487379
USER	GET /posts	END	1752005487379
USER	GET /posts	END	1752005487379
USER	GET /posts	END	1752005487379
USER	GET /posts	END	1752005487379
USER	GET /posts	END	1752005487379
USER	GET /posts	END	1752005487379
USER	GET /posts	END	1752005487379
USER	GET /posts	END	1752005487379
REQUEST		List posts	1752005486734	1752005487379	OK	 
USER	GET /posts	END	1752005487381
REQUEST		List posts	1752005486670	1752005487436	OK	 
USER	GET /posts	END	1752005487437
REQUEST		List posts	1752005486733	1752005487524	OK	 
USER	GET /posts	END	1752005487525
REQUEST		List posts	1752005486733	1752005487538	OK	 
USER	GET /posts	END	1752005487540
REQUEST		List posts	1752005486736	1752005487543	OK	 
REQUEST		List posts	1752005486737	1752005487544	OK	 
USER	GET /posts	END	1752005487545
USER	GET /posts	END	1752005487545
REQUEST		List posts	1752005486670	1752005487595	OK	 
USER	GET /posts	END	1752005487597
REQUEST		List posts	1752005486735	1752005487598	OK	 
REQUEST		List posts	1752005486734	1752005487598	OK	 
USER	GET /posts	END	1752005487599
USER	GET /posts	END	1752005487599
REQUEST		List posts	1752005486734	1752005487601	OK	 
USER	GET /posts	END	1752005487602
REQUEST		List posts	1752005486670	1752005487605	OK	 
REQUEST		List posts	1752005486735	1752005487605	OK	 
USER	GET /posts	END	1752005487607
USER	GET /posts	END	1752005487607
REQUEST		List posts	1752005486737	1752005487607	OK	 
USER	GET /posts	END	1752005487609
REQUEST		List posts	1752005486736	1752005487656	OK	 
REQUEST		List posts	1752005486733	1752005487657	OK	 
USER	GET /posts	END	1752005487657
USER	GET /posts	END	1752005487657
REQUEST		List posts	1752005486670	1752005487664	OK	 
USER	GET /posts	END	1752005487666
REQUEST		List posts	1752005486734	1752005487691	OK	 
USER	GET /posts	END	1752005487692
REQUEST		List posts	1752005486737	1752005487695	OK	 
USER	GET /posts	END	1752005487695
REQUEST		List posts	1752005486670	1752005487743	OK	 
USER	GET /posts	END	1752005487745
